<?xml version="1.0" encoding="UTF-8"?>
<coverage generated="1574812704796" clover="3.2.0">
  <project timestamp="1574812704796" name="All files">
    <metrics statements="45" coveredstatements="45" conditionals="20" coveredconditionals="20" methods="7" coveredmethods="7" elements="72" coveredelements="72" complexity="0" loc="45" ncloc="45" packages="3" files="6" classes="6">
      <package name="src">
        <metrics statements="2" coveredstatements="2" conditionals="0" coveredconditionals="0" methods="0" coveredmethods="0"/>
        <file name="index.ts" path="/Users/chris/hacker/rae/options-portfolio-analysis/src/index.ts">
          <metrics statements="2" coveredstatements="2" conditionals="0" coveredconditionals="0" methods="0" coveredmethods="0"/>
          <line num="1" count="1" type="stmt"/>
          <line num="2" count="1" type="stmt"/>
        </file>
      </package>
      <package name="src.core">
        <metrics statements="41" coveredstatements="41" conditionals="20" coveredconditionals="20" methods="7" coveredmethods="7"/>
        <file name="functions.ts" path="/Users/chris/hacker/rae/options-portfolio-analysis/src/core/functions.ts">
          <metrics statements="9" coveredstatements="9" conditionals="6" coveredconditionals="6" methods="1" coveredmethods="1"/>
          <line num="2" count="1" type="stmt"/>
          <line num="4" count="1" type="stmt"/>
          <line num="5" count="13" type="stmt"/>
          <line num="7" count="9" type="stmt"/>
          <line num="10" count="4" type="stmt"/>
          <line num="12" count="1" type="stmt"/>
          <line num="14" count="1" type="stmt"/>
          <line num="16" count="1" type="stmt"/>
          <line num="18" count="1" type="stmt"/>
        </file>
        <file name="index.ts" path="/Users/chris/hacker/rae/options-portfolio-analysis/src/core/index.ts">
          <metrics statements="3" coveredstatements="3" conditionals="0" coveredconditionals="0" methods="0" coveredmethods="0"/>
          <line num="1" count="1" type="stmt"/>
          <line num="2" count="1" type="stmt"/>
          <line num="3" count="1" type="stmt"/>
        </file>
        <file name="transactions.ts" path="/Users/chris/hacker/rae/options-portfolio-analysis/src/core/transactions.ts">
          <metrics statements="29" coveredstatements="29" conditionals="14" coveredconditionals="14" methods="6" coveredmethods="6"/>
          <line num="40" count="1" type="stmt"/>
          <line num="41" count="8" type="stmt"/>
          <line num="42" count="8" type="stmt"/>
          <line num="44" count="8" type="stmt"/>
          <line num="45" count="8" type="stmt"/>
          <line num="46" count="8" type="stmt"/>
          <line num="47" count="8" type="stmt"/>
          <line num="48" count="8" type="stmt"/>
          <line num="51" count="8" type="stmt"/>
          <line num="52" count="8" type="stmt"/>
          <line num="53" count="8" type="stmt"/>
          <line num="56" count="8" type="stmt"/>
          <line num="57" count="8" type="stmt"/>
          <line num="58" count="8" type="stmt"/>
          <line num="59" count="17" type="stmt"/>
          <line num="61" count="8" type="cond" truecount="2" falsecount="0"/>
          <line num="64" count="8" type="stmt"/>
          <line num="65" count="8" type="cond" truecount="2" falsecount="0"/>
          <line num="66" count="3" type="stmt"/>
          <line num="67" count="5" type="cond" truecount="2" falsecount="0"/>
          <line num="68" count="2" type="stmt"/>
          <line num="69" count="2" type="cond" truecount="2" falsecount="0"/>
          <line num="70" count="1" type="stmt"/>
          <line num="72" count="2" type="cond" truecount="4" falsecount="0"/>
          <line num="73" count="1" type="stmt"/>
          <line num="75" count="3" type="cond" truecount="2" falsecount="0"/>
          <line num="76" count="1" type="stmt"/>
          <line num="78" count="2" type="stmt"/>
          <line num="81" count="1" type="stmt"/>
        </file>
      </package>
      <package name="src.utils">
        <metrics statements="2" coveredstatements="2" conditionals="0" coveredconditionals="0" methods="0" coveredmethods="0"/>
        <file name="checks.ts" path="/Users/chris/hacker/rae/options-portfolio-analysis/src/utils/checks.ts">
          <metrics statements="1" coveredstatements="1" conditionals="0" coveredconditionals="0" methods="0" coveredmethods="0"/>
          <line num="2" count="1" type="stmt"/>
        </file>
        <file name="index.ts" path="/Users/chris/hacker/rae/options-portfolio-analysis/src/utils/index.ts">
          <metrics statements="1" coveredstatements="1" conditionals="0" coveredconditionals="0" methods="0" coveredmethods="0"/>
          <line num="1" count="1" type="stmt"/>
        </file>
      </package>
    </metrics>
  </project>
</coverage>
