{"/Users/chris/hacker/rae/options-portfolio-analysis/src/index.ts": {"path":"/Users/chris/hacker/rae/options-portfolio-analysis/src/index.ts","statementMap":{"0":{"start":{"line":1,"column":0},"end":{"line":1,"column":23}},"1":{"start":{"line":2,"column":0},"end":{"line":2,"column":24}}},"fnMap":{},"branchMap":{},"s":{"0":1,"1":1},"f":{},"b":{}}
,"/Users/chris/hacker/rae/options-portfolio-analysis/src/core/functions.ts": {"path":"/Users/chris/hacker/rae/options-portfolio-analysis/src/core/functions.ts","statementMap":{"0":{"start":{"line":2,"column":0},"end":{"line":2,"column":38}},"1":{"start":{"line":5,"column":4},"end":{"line":29,"column":5}},"2":{"start":{"line":7,"column":12},"end":{"line":7,"column":30}},"3":{"start":{"line":10,"column":12},"end":{"line":23,"column":13}},"4":{"start":{"line":12,"column":20},"end":{"line":12,"column":70}},"5":{"start":{"line":14,"column":20},"end":{"line":14,"column":70}},"6":{"start":{"line":16,"column":20},"end":{"line":16,"column":70}},"7":{"start":{"line":18,"column":20},"end":{"line":18,"column":70}},"8":{"start":{"line":4,"column":0},"end":{"line":30,"column":1}}},"fnMap":{"0":{"name":"evaluate","decl":{"start":{"line":4,"column":0},"end":{"line":4,"column":24}},"loc":{"start":{"line":4,"column":41},"end":{"line":30,"column":1}}}},"branchMap":{"0":{"loc":{"start":{"line":6,"column":8},"end":{"line":8,"column":9}},"type":"switch","locations":[{"start":{"line":6,"column":8},"end":{"line":8,"column":9}},{"start":{"line":9,"column":8},"end":{"line":24,"column":9}}]},"1":{"loc":{"start":{"line":11,"column":16},"end":{"line":12,"column":70}},"type":"switch","locations":[{"start":{"line":11,"column":16},"end":{"line":12,"column":70}},{"start":{"line":13,"column":16},"end":{"line":14,"column":70}},{"start":{"line":15,"column":16},"end":{"line":16,"column":70}},{"start":{"line":17,"column":16},"end":{"line":18,"column":70}}]}},"s":{"0":1,"1":13,"2":9,"3":4,"4":1,"5":1,"6":1,"7":1,"8":1},"f":{"0":13},"b":{"0":[9,4],"1":[1,1,1,1]}}
,"/Users/chris/hacker/rae/options-portfolio-analysis/src/core/index.ts": {"path":"/Users/chris/hacker/rae/options-portfolio-analysis/src/core/index.ts","statementMap":{"0":{"start":{"line":1,"column":0},"end":{"line":1,"column":24}},"1":{"start":{"line":2,"column":0},"end":{"line":2,"column":28}},"2":{"start":{"line":3,"column":0},"end":{"line":3,"column":31}}},"fnMap":{},"branchMap":{},"s":{"0":1,"1":1,"2":1},"f":{},"b":{}}
,"/Users/chris/hacker/rae/options-portfolio-analysis/src/core/transactions.ts": {"path":"/Users/chris/hacker/rae/options-portfolio-analysis/src/core/transactions.ts","statementMap":{"0":{"start":{"line":40,"column":0},"end":{"line":81,"column":0}},"1":{"start":{"line":46,"column":4},"end":{"line":49,"column":4}},"2":{"start":{"line":41,"column":4},"end":{"line":41,"column":24}},"3":{"start":{"line":42,"column":4},"end":{"line":42,"column":22}},"4":{"start":{"line":44,"column":4},"end":{"line":44,"column":35}},"5":{"start":{"line":45,"column":4},"end":{"line":45,"column":39}},"6":{"start":{"line":51,"column":4},"end":{"line":54,"column":5}},"7":{"start":{"line":52,"column":8},"end":{"line":52,"column":34}},"8":{"start":{"line":53,"column":8},"end":{"line":53,"column":37}},"9":{"start":{"line":56,"column":12},"end":{"line":62,"column":5}},"10":{"start":{"line":57,"column":18},"end":{"line":57,"column":19}},"11":{"start":{"line":58,"column":8},"end":{"line":60,"column":16}},"12":{"start":{"line":59,"column":12},"end":{"line":59,"column":35}},"13":{"start":{"line":61,"column":8},"end":{"line":61,"column":49}},"14":{"start":{"line":64,"column":12},"end":{"line":80,"column":5}},"15":{"start":{"line":65,"column":8},"end":{"line":79,"column":9}},"16":{"start":{"line":66,"column":12},"end":{"line":66,"column":36}},"17":{"start":{"line":67,"column":15},"end":{"line":79,"column":9}},"18":{"start":{"line":68,"column":31},"end":{"line":68,"column":70}},"19":{"start":{"line":69,"column":12},"end":{"line":71,"column":13}},"20":{"start":{"line":70,"column":16},"end":{"line":70,"column":50}},"21":{"start":{"line":72,"column":12},"end":{"line":74,"column":13}},"22":{"start":{"line":73,"column":16},"end":{"line":73,"column":43}},"23":{"start":{"line":75,"column":15},"end":{"line":79,"column":9}},"24":{"start":{"line":76,"column":12},"end":{"line":76,"column":42}},"25":{"start":{"line":78,"column":12},"end":{"line":78,"column":37}},"26":{"start":{"line":47,"column":8},"end":{"line":47,"column":25}},"27":{"start":{"line":48,"column":8},"end":{"line":48,"column":30}},"28":{"start":{"line":81,"column":0},"end":{"line":81,"column":1}},"29":{"start":{"line":40,"column":13},"end":{"line":40,"column":18}}},"fnMap":{"0":{"name":"(anonymous_0)","decl":{"start":{"line":40,"column":0},"end":{"line":null,"column":-1}},"loc":{"start":{"line":40,"column":0},"end":{"line":40,"column":-1}}},"1":{"name":"Trade","decl":{"start":{"line":46,"column":4},"end":{"line":46,"column":15}},"loc":{"start":{"line":46,"column":30},"end":{"line":49,"column":5}}},"2":{"name":"(anonymous_2)","decl":{"start":{"line":51,"column":17},"end":{"line":51,"column":17}},"loc":{"start":{"line":51,"column":32},"end":{"line":54,"column":5}}},"3":{"name":"(anonymous_3)","decl":{"start":{"line":56,"column":29},"end":{"line":56,"column":29}},"loc":{"start":{"line":56,"column":44},"end":{"line":62,"column":5}}},"4":{"name":"(anonymous_4)","decl":{"start":{"line":58,"column":26},"end":{"line":58,"column":26}},"loc":{"start":{"line":58,"column":35},"end":{"line":60,"column":9}}},"5":{"name":"(anonymous_5)","decl":{"start":{"line":64,"column":32},"end":{"line":64,"column":32}},"loc":{"start":{"line":64,"column":47},"end":{"line":80,"column":5}}}},"branchMap":{"0":{"loc":{"start":{"line":61,"column":30},"end":{"line":61,"column":38}},"type":"cond-expr","locations":[{"start":{"line":61,"column":30},"end":{"line":61,"column":38}},{"start":{"line":61,"column":41},"end":{"line":61,"column":48}}]},"1":{"loc":{"start":{"line":65,"column":8},"end":{"line":79,"column":9}},"type":"if","locations":[{"start":{"line":65,"column":8},"end":{"line":79,"column":9}},{"start":{"line":65,"column":8},"end":{"line":79,"column":9}}]},"2":{"loc":{"start":{"line":67,"column":15},"end":{"line":79,"column":9}},"type":"if","locations":[{"start":{"line":67,"column":15},"end":{"line":79,"column":9}},{"start":{"line":67,"column":15},"end":{"line":79,"column":9}}]},"3":{"loc":{"start":{"line":69,"column":12},"end":{"line":71,"column":13}},"type":"if","locations":[{"start":{"line":69,"column":12},"end":{"line":71,"column":13}},{"start":{"line":69,"column":12},"end":{"line":71,"column":13}}]},"4":{"loc":{"start":{"line":72,"column":12},"end":{"line":74,"column":13}},"type":"if","locations":[{"start":{"line":72,"column":12},"end":{"line":74,"column":13}},{"start":{"line":72,"column":12},"end":{"line":74,"column":13}}]},"5":{"loc":{"start":{"line":72,"column":16},"end":{"line":72,"column":38}},"type":"binary-expr","locations":[{"start":{"line":72,"column":16},"end":{"line":72,"column":38}},{"start":{"line":72,"column":42},"end":{"line":72,"column":53}}]},"6":{"loc":{"start":{"line":75,"column":15},"end":{"line":79,"column":9}},"type":"if","locations":[{"start":{"line":75,"column":15},"end":{"line":79,"column":9}},{"start":{"line":75,"column":15},"end":{"line":79,"column":9}}]}},"s":{"0":1,"1":8,"2":8,"3":8,"4":8,"5":8,"6":8,"7":8,"8":8,"9":8,"10":8,"11":8,"12":17,"13":8,"14":8,"15":8,"16":3,"17":5,"18":2,"19":2,"20":1,"21":2,"22":1,"23":3,"24":1,"25":2,"26":8,"27":8,"28":1,"29":1},"f":{"0":1,"1":8,"2":8,"3":8,"4":17,"5":8},"b":{"0":[7,1],"1":[3,5],"2":[2,3],"3":[1,1],"4":[1,1],"5":[2,2],"6":[1,2]}}
,"/Users/chris/hacker/rae/options-portfolio-analysis/src/utils/checks.ts": {"path":"/Users/chris/hacker/rae/options-portfolio-analysis/src/utils/checks.ts","statementMap":{"0":{"start":{"line":2,"column":0},"end":{"line":4,"column":1}}},"fnMap":{},"branchMap":{},"s":{"0":1},"f":{},"b":{}}
,"/Users/chris/hacker/rae/options-portfolio-analysis/src/utils/index.ts": {"path":"/Users/chris/hacker/rae/options-portfolio-analysis/src/utils/index.ts","statementMap":{"0":{"start":{"line":1,"column":0},"end":{"line":1,"column":25}}},"fnMap":{},"branchMap":{},"s":{"0":1},"f":{},"b":{}}
}
