TN:
SF:/Users/chris/hacker/rae/options-portfolio-analysis/src/index.ts
FNF:0
FNH:0
DA:1,1
DA:2,1
LF:2
LH:2
BRF:0
BRH:0
end_of_record
TN:
SF:/Users/chris/hacker/rae/options-portfolio-analysis/src/core/functions.ts
FN:4,evaluate
FNF:1
FNH:1
FNDA:13,evaluate
DA:2,1
DA:4,1
DA:5,13
DA:7,9
DA:10,4
DA:12,1
DA:14,1
DA:16,1
DA:18,1
LF:9
LH:9
BRDA:6,0,0,9
BRDA:6,0,1,4
BRDA:11,1,0,1
BRDA:11,1,1,1
BRDA:11,1,2,1
BRDA:11,1,3,1
BRF:6
BRH:6
end_of_record
TN:
SF:/Users/chris/hacker/rae/options-portfolio-analysis/src/core/index.ts
FNF:0
FNH:0
DA:1,1
DA:2,1
DA:3,1
LF:3
LH:3
BRF:0
BRH:0
end_of_record
TN:
SF:/Users/chris/hacker/rae/options-portfolio-analysis/src/core/transactions.ts
FN:40,(anonymous_0)
FN:46,Trade
FN:51,(anonymous_2)
FN:56,(anonymous_3)
FN:58,(anonymous_4)
FN:64,(anonymous_5)
FNF:6
FNH:6
FNDA:1,(anonymous_0)
FNDA:8,Trade
FNDA:8,(anonymous_2)
FNDA:8,(anonymous_3)
FNDA:17,(anonymous_4)
FNDA:8,(anonymous_5)
DA:40,1
DA:41,8
DA:42,8
DA:44,8
DA:45,8
DA:46,8
DA:47,8
DA:48,8
DA:51,8
DA:52,8
DA:53,8
DA:56,8
DA:57,8
DA:58,8
DA:59,17
DA:61,8
DA:64,8
DA:65,8
DA:66,3
DA:67,5
DA:68,2
DA:69,2
DA:70,1
DA:72,2
DA:73,1
DA:75,3
DA:76,1
DA:78,2
DA:81,1
LF:29
LH:29
BRDA:61,0,0,7
BRDA:61,0,1,1
BRDA:65,1,0,3
BRDA:65,1,1,5
BRDA:67,2,0,2
BRDA:67,2,1,3
BRDA:69,3,0,1
BRDA:69,3,1,1
BRDA:72,4,0,1
BRDA:72,4,1,1
BRDA:72,5,0,2
BRDA:72,5,1,2
BRDA:75,6,0,1
BRDA:75,6,1,2
BRF:14
BRH:14
end_of_record
TN:
SF:/Users/chris/hacker/rae/options-portfolio-analysis/src/utils/checks.ts
FNF:0
FNH:0
DA:2,1
LF:1
LH:1
BRF:0
BRH:0
end_of_record
TN:
SF:/Users/chris/hacker/rae/options-portfolio-analysis/src/utils/index.ts
FNF:0
FNH:0
DA:1,1
LF:1
LH:1
BRF:0
BRH:0
end_of_record
